<?xml version="1.0" encoding="UTF-8"?>
<testsuite xmlns:xsi="http://www.w3.org/2001/XMLSchema-instance" xsi:noNamespaceSchemaLocation="https://maven.apache.org/surefire/maven-surefire-plugin/xsd/surefire-test-report.xsd" name="TestSuite" time="31.057" tests="7" errors="0" skipped="0" failures="1">
  <properties>
[...]
</properties>
  <testcase name="testDashboardDataDrivenLogic" classname="abcd.tests.ui.DashboardTest" time="1.024"/>
  <testcase name="testDashboardDataDrivenLogic" classname="abcd.tests.ui.DashboardTest" time="0.349"/>
  <testcase name="testDashboardDataDrivenLogic" classname="abcd.tests.ui.DashboardTest" time="0.472"/>
  <testcase name="testMenuNavigationWorks" classname="abcd.tests.ui.DashboardTest" time="0.446">
    <failure message="Unresolved compilation problem: &#10;	The method isMenuOpen() is undefined for the type DashboardPage&#10;" type="java.lang.Error">java.lang.Error: 
Unresolved compilation problem: 
	The method isMenuOpen() is undefined for the type DashboardPage

	at abcd.tests.ui.DashboardTest.testMenuNavigationWorks(DashboardTest.java:75)
</failure>
    <system-out><![CDATA[Initializing chrome driver in thread: 20
]]></system-out>
    <system-err><![CDATA[[TestNG-test-Data Driven - Dashboard UI Tests-1] INFO io.github.bonigarcia.wdm.WebDriverManager - Using chromedriver 146.0.7680.165 (resolved driver for Chrome 146)
[TestNG-test-Data Driven - Dashboard UI Tests-1] INFO io.github.bonigarcia.wdm.WebDriverManager - Exporting webdriver.chrome.driver as C:\Users\Nikhil kashiv\.cache\selenium\chromedriver\win64\146.0.7680.165\chromedriver.exe
Apr 13, 2026 12:29:00 PM org.openqa.selenium.devtools.CdpVersionFinder findNearestMatch
WARNING: Unable to find an exact match for CDP version 146, returning the closest version; found: 142; Please update to a Selenium version that supports CDP version 146
]]></system-err>
  </testcase>
  <testcase name="testGetUserApi" classname="abcd.tests.api.ApiTest" time="2.921"/>
  <testcase name="testGetUserApi" classname="abcd.tests.api.ApiTest" time="0.397"/>
  <testcase name="testGetUserApi" classname="abcd.tests.api.ApiTest" time="0.412"/>
</testsuite>