<?xml version="1.0" encoding="UTF-8"?>
<testng-results ignored="0" total="7" passed="6" failed="1" skipped="0">
  <reporter-output>
  </reporter-output>
  <suite started-at="2026-04-13T12:28:40 IST" name="Enterprise Automation Suite" finished-at="2026-04-13T12:29:07 IST" duration-ms="27732">
    <groups>
      <group name="ui_validation">
        <method signature="DashboardTest.testDashboardDataDrivenLogic(java.lang.String,java.lang.String,java.lang.String)[pri:1, instance:abcd.tests.ui.DashboardTest@909217e]" name="testDashboardDataDrivenLogic" class="abcd.tests.ui.DashboardTest"/>
        <method signature="DashboardTest.testMenuNavigationWorks()[pri:2, instance:abcd.tests.ui.DashboardTest@909217e]" name="testMenuNavigationWorks" class="abcd.tests.ui.DashboardTest"/>
      </group> <!-- ui_validation -->
      <group name="data-driven">
        <method signature="DashboardTest.testDashboardDataDrivenLogic(java.lang.String,java.lang.String,java.lang.String)[pri:1, instance:abcd.tests.ui.DashboardTest@909217e]" name="testDashboardDataDrivenLogic" class="abcd.tests.ui.DashboardTest"/>
        <method signature="ApiTest.testGetUserApi(java.lang.String,java.lang.String)[pri:0, instance:abcd.tests.api.ApiTest@431cd9b2]" name="testGetUserApi" class="abcd.tests.api.ApiTest"/>
      </group> <!-- data-driven -->
      <group name="api">
        <method signature="ApiTest.testGetUserApi(java.lang.String,java.lang.String)[pri:0, instance:abcd.tests.api.ApiTest@431cd9b2]" name="testGetUserApi" class="abcd.tests.api.ApiTest"/>
      </group> <!-- api -->
      <group name="high_priority">
        <method signature="DashboardTest.testDashboardDataDrivenLogic(java.lang.String,java.lang.String,java.lang.String)[pri:1, instance:abcd.tests.ui.DashboardTest@909217e]" name="testDashboardDataDrivenLogic" class="abcd.tests.ui.DashboardTest"/>
        <method signature="DashboardTest.testMenuNavigationWorks()[pri:2, instance:abcd.tests.ui.DashboardTest@909217e]" name="testMenuNavigationWorks" class="abcd.tests.ui.DashboardTest"/>
      </group> <!-- high_priority -->
    </groups>
    <test started-at="2026-04-13T12:28:40 IST" name="Data Driven - Dashboard UI Tests" finished-at="2026-04-13T12:29:04 IST" duration-ms="23965">
      <class name="abcd.tests.ui.DashboardTest">
        <test-method is-config="true" signature="setUp()[pri:0, instance:abcd.tests.ui.DashboardTest@909217e]" started-at="2026-04-13T12:28:40 IST" name="setUp" finished-at="2026-04-13T12:28:46 IST" duration-ms="6345" status="PASS">
          <reporter-output>
          </reporter-output>
        </test-method> <!-- setUp -->
        <test-method is-config="true" signature="dashboardLoginSetup()[pri:0, instance:abcd.tests.ui.DashboardTest@909217e]" started-at="2026-04-13T12:28:46 IST" name="dashboardLoginSetup" finished-at="2026-04-13T12:28:49 IST" duration-ms="2596" status="PASS">
          <reporter-output>
          </reporter-output>
        </test-method> <!-- dashboardLoginSetup -->
        <test-method signature="testDashboardDataDrivenLogic(java.lang.String,java.lang.String,java.lang.String)[pri:1, instance:abcd.tests.ui.DashboardTest@909217e]" started-at="2026-04-13T12:28:49 IST" name="testDashboardDataDrivenLogic" data-provider="dashboardData" finished-at="2026-04-13T12:28:50 IST" duration-ms="1022" status="PASS">
          <params>
            <param index="0">
              <value>
                <![CDATA[standard_user]]>
              </value>
            </param>
            <param index="1">
              <value>
                <![CDATA[secret_sauce]]>
              </value>
            </param>
            <param index="2">
              <value>
                <![CDATA[success]]>
              </value>
            </param>
          </params>
          <reporter-output>
          </reporter-output>
        </test-method> <!-- testDashboardDataDrivenLogic -->
        <test-method is-config="true" signature="tearDown()[pri:0, instance:abcd.tests.ui.DashboardTest@909217e]" started-at="2026-04-13T12:28:50 IST" name="tearDown" finished-at="2026-04-13T12:28:50 IST" duration-ms="414" status="PASS">
          <reporter-output>
          </reporter-output>
        </test-method> <!-- tearDown -->
        <test-method is-config="true" signature="setUp()[pri:0, instance:abcd.tests.ui.DashboardTest@909217e]" started-at="2026-04-13T12:28:50 IST" name="setUp" finished-at="2026-04-13T12:28:51 IST" duration-ms="1285" status="PASS">
          <reporter-output>
          </reporter-output>
        </test-method> <!-- setUp -->
        <test-method is-config="true" signature="dashboardLoginSetup()[pri:0, instance:abcd.tests.ui.DashboardTest@909217e]" started-at="2026-04-13T12:28:51 IST" name="dashboardLoginSetup" finished-at="2026-04-13T12:28:53 IST" duration-ms="1893" status="PASS">
          <reporter-output>
          </reporter-output>
        </test-method> <!-- dashboardLoginSetup -->
        <test-method signature="testDashboardDataDrivenLogic(java.lang.String,java.lang.String,java.lang.String)[pri:1, instance:abcd.tests.ui.DashboardTest@909217e]" started-at="2026-04-13T12:28:53 IST" name="testDashboardDataDrivenLogic" data-provider="dashboardData" finished-at="2026-04-13T12:28:54 IST" duration-ms="350" status="PASS">
          <params>
            <param index="0">
              <value>
                <![CDATA[locked_out_user]]>
              </value>
            </param>
            <param index="1">
              <value>
                <![CDATA[secret_sauce]]>
              </value>
            </param>
            <param index="2">
              <value>
                <![CDATA[failure]]>
              </value>
            </param>
          </params>
          <reporter-output>
          </reporter-output>
        </test-method> <!-- testDashboardDataDrivenLogic -->
        <test-method is-config="true" signature="tearDown()[pri:0, instance:abcd.tests.ui.DashboardTest@909217e]" started-at="2026-04-13T12:28:54 IST" name="tearDown" finished-at="2026-04-13T12:28:54 IST" duration-ms="471" status="PASS">
          <reporter-output>
          </reporter-output>
        </test-method> <!-- tearDown -->
        <test-method is-config="true" signature="setUp()[pri:0, instance:abcd.tests.ui.DashboardTest@909217e]" started-at="2026-04-13T12:28:54 IST" name="setUp" finished-at="2026-04-13T12:28:56 IST" duration-ms="1708" status="PASS">
          <reporter-output>
          </reporter-output>
        </test-method> <!-- setUp -->
        <test-method is-config="true" signature="dashboardLoginSetup()[pri:0, instance:abcd.tests.ui.DashboardTest@909217e]" started-at="2026-04-13T12:28:56 IST" name="dashboardLoginSetup" finished-at="2026-04-13T12:28:58 IST" duration-ms="2601" status="PASS">
          <reporter-output>
          </reporter-output>
        </test-method> <!-- dashboardLoginSetup -->
        <test-method signature="testDashboardDataDrivenLogic(java.lang.String,java.lang.String,java.lang.String)[pri:1, instance:abcd.tests.ui.DashboardTest@909217e]" started-at="2026-04-13T12:28:58 IST" name="testDashboardDataDrivenLogic" data-provider="dashboardData" finished-at="2026-04-13T12:28:59 IST" duration-ms="472" status="PASS">
          <params>
            <param index="0">
              <value>
                <![CDATA[invalid_user]]>
              </value>
            </param>
            <param index="1">
              <value>
                <![CDATA[wrong_password]]>
              </value>
            </param>
            <param index="2">
              <value>
                <![CDATA[failure]]>
              </value>
            </param>
          </params>
          <reporter-output>
          </reporter-output>
        </test-method> <!-- testDashboardDataDrivenLogic -->
        <test-method is-config="true" signature="tearDown()[pri:0, instance:abcd.tests.ui.DashboardTest@909217e]" started-at="2026-04-13T12:28:59 IST" name="tearDown" finished-at="2026-04-13T12:28:59 IST" duration-ms="270" status="PASS">
          <reporter-output>
          </reporter-output>
        </test-method> <!-- tearDown -->
        <test-method is-config="true" signature="setUp()[pri:0, instance:abcd.tests.ui.DashboardTest@909217e]" started-at="2026-04-13T12:28:59 IST" name="setUp" finished-at="2026-04-13T12:29:01 IST" duration-ms="1331" status="PASS">
          <reporter-output>
          </reporter-output>
        </test-method> <!-- setUp -->
        <test-method is-config="true" signature="dashboardLoginSetup()[pri:0, instance:abcd.tests.ui.DashboardTest@909217e]" started-at="2026-04-13T12:29:01 IST" name="dashboardLoginSetup" finished-at="2026-04-13T12:29:03 IST" duration-ms="2067" status="PASS">
          <reporter-output>
          </reporter-output>
        </test-method> <!-- dashboardLoginSetup -->
        <test-method signature="testMenuNavigationWorks()[pri:2, instance:abcd.tests.ui.DashboardTest@909217e]" started-at="2026-04-13T12:29:03 IST" name="testMenuNavigationWorks" finished-at="2026-04-13T12:29:03 IST" duration-ms="1" status="FAIL">
          <exception class="java.lang.Error">
            <message>
              <![CDATA[Unresolved compilation problem: 
The method isMenuOpen() is undefined for the type DashboardPage
]]>
            </message>
            <full-stacktrace>
              <![CDATA[java.lang.Error: Unresolved compilation problem: 
The method isMenuOpen() is undefined for the type DashboardPage

at abcd.tests.ui.DashboardTest.testMenuNavigationWorks(DashboardTest.java:75)
at java.base/jdk.internal.reflect.NativeMethodAccessorImpl.invoke0(Native Method)
at java.base/jdk.internal.reflect.NativeMethodAccessorImpl.invoke(NativeMethodAccessorImpl.java:77)
at java.base/jdk.internal.reflect.DelegatingMethodAccessorImpl.invoke(DelegatingMethodAccessorImpl.java:43)
at java.base/java.lang.reflect.Method.invoke(Method.java:568)
at org.testng.internal.invokers.MethodInvocationHelper.invokeMethod(MethodInvocationHelper.java:141)
at org.testng.internal.invokers.TestInvoker.invokeMethod(TestInvoker.java:687)
at org.testng.internal.invokers.TestInvoker.invokeTestMethod(TestInvoker.java:230)
at org.testng.internal.invokers.MethodRunner.runInSequence(MethodRunner.java:63)
at org.testng.internal.invokers.TestInvoker$MethodInvocationAgent.invoke(TestInvoker.java:995)
at org.testng.internal.invokers.TestInvoker.invokeTestMethods(TestInvoker.java:203)
at org.testng.internal.invokers.TestMethodWorker.invokeTestMethods(TestMethodWorker.java:154)
at org.testng.internal.invokers.TestMethodWorker.run(TestMethodWorker.java:134)
at java.base/java.util.concurrent.Executors$RunnableAdapter.call(Executors.java:539)
at java.base/java.util.concurrent.FutureTask.run(FutureTask.java:264)
at org.testng.internal.thread.graph.TestNGFutureTask.run(TestNGFutureTask.java:22)
at java.base/java.util.concurrent.ThreadPoolExecutor.runWorker(ThreadPoolExecutor.java:1136)
at java.base/java.util.concurrent.ThreadPoolExecutor$Worker.run(ThreadPoolExecutor.java:635)
at java.base/java.lang.Thread.run(Thread.java:842)
]]>
            </full-stacktrace>
          </exception> <!-- java.lang.Error -->
          <reporter-output>
          </reporter-output>
        </test-method> <!-- testMenuNavigationWorks -->
        <test-method is-config="true" signature="tearDown()[pri:0, instance:abcd.tests.ui.DashboardTest@909217e]" started-at="2026-04-13T12:29:03 IST" name="tearDown" finished-at="2026-04-13T12:29:04 IST" duration-ms="581" status="PASS">
          <reporter-output>
          </reporter-output>
        </test-method> <!-- tearDown -->
      </class> <!-- abcd.tests.ui.DashboardTest -->
    </test> <!-- Data Driven - Dashboard UI Tests -->
    <test started-at="2026-04-13T12:29:04 IST" name="Data Driven - API Tests" finished-at="2026-04-13T12:29:07 IST" duration-ms="3735">
      <class name="abcd.tests.api.ApiTest">
        <test-method signature="testGetUserApi(java.lang.String,java.lang.String)[pri:0, instance:abcd.tests.api.ApiTest@431cd9b2]" started-at="2026-04-13T12:29:04 IST" name="testGetUserApi" data-provider="apiTestData" finished-at="2026-04-13T12:29:07 IST" duration-ms="2919" status="PASS">
          <params>
            <param index="0">
              <value>
                <![CDATA[1]]>
              </value>
            </param>
            <param index="1">
              <value>
                <![CDATA[200]]>
              </value>
            </param>
          </params>
          <reporter-output>
          </reporter-output>
        </test-method> <!-- testGetUserApi -->
        <test-method signature="testGetUserApi(java.lang.String,java.lang.String)[pri:0, instance:abcd.tests.api.ApiTest@431cd9b2]" started-at="2026-04-13T12:29:07 IST" name="testGetUserApi" data-provider="apiTestData" finished-at="2026-04-13T12:29:07 IST" duration-ms="397" status="PASS">
          <params>
            <param index="0">
              <value>
                <![CDATA[2]]>
              </value>
            </param>
            <param index="1">
              <value>
                <![CDATA[200]]>
              </value>
            </param>
          </params>
          <reporter-output>
          </reporter-output>
        </test-method> <!-- testGetUserApi -->
        <test-method signature="testGetUserApi(java.lang.String,java.lang.String)[pri:0, instance:abcd.tests.api.ApiTest@431cd9b2]" started-at="2026-04-13T12:29:07 IST" name="testGetUserApi" data-provider="apiTestData" finished-at="2026-04-13T12:29:07 IST" duration-ms="412" status="PASS">
          <params>
            <param index="0">
              <value>
                <![CDATA[23]]>
              </value>
            </param>
            <param index="1">
              <value>
                <![CDATA[404]]>
              </value>
            </param>
          </params>
          <reporter-output>
          </reporter-output>
        </test-method> <!-- testGetUserApi -->
      </class> <!-- abcd.tests.api.ApiTest -->
    </test> <!-- Data Driven - API Tests -->
  </suite> <!-- Enterprise Automation Suite -->
</testng-results>
