<?xml version="1.0" encoding="UTF-8"?>
<!-- Generated by org.testng.reporters.JUnitXMLReporter -->
<testsuite ignored="0" hostname="DESKTOP-N203GP3" failures="0" tests="3" name="Data Driven - API Tests" time="3.654" errors="0" timestamp="2026-03-16T12:24:33 IST">
  <testcase classname="abcd.tests.api.ApiTest" name="testGetUserApi" time="3.101"/>
  <testcase classname="abcd.tests.api.ApiTest" name="testGetUserApi" time="0.288"/>
  <testcase classname="abcd.tests.api.ApiTest" name="testGetUserApi" time="0.259"/>
</testsuite> <!-- Data Driven - API Tests -->
