<?xml version="1.0" encoding="UTF-8"?>
<!-- Generated by org.testng.reporters.JUnitXMLReporter -->
<testsuite ignored="0" hostname="DESKTOP-N203GP3" failures="0" tests="3" name="Data Driven - API Tests" time="3.735" errors="0" timestamp="2026-04-13T12:29:07 IST">
  <testcase classname="abcd.tests.api.ApiTest" name="testGetUserApi" time="2.919"/>
  <testcase classname="abcd.tests.api.ApiTest" name="testGetUserApi" time="0.397"/>
  <testcase classname="abcd.tests.api.ApiTest" name="testGetUserApi" time="0.412"/>
</testsuite> <!-- Data Driven - API Tests -->
