<?xml version="1.0" encoding="UTF-8"?>
<!-- Generated by org.testng.reporters.JUnitXMLReporter -->
<testsuite ignored="0" hostname="DESKTOP-N203GP3" failures="0" tests="8" name="Data Driven - Dashboard UI Tests" time="41.507" errors="0" timestamp="2026-03-16T12:24:29 IST">
  <testcase classname="abcd.tests.ui.DashboardTest" name="testAllWidgetsAreVisible" time="0.029"/>
  <testcase classname="abcd.tests.ui.DashboardTest" name="testDashboardDataDrivenLogic" time="0.872"/>
  <testcase classname="abcd.tests.ui.DashboardTest" name="testMenuNavigationWorks" time="0.262"/>
  <testcase classname="abcd.tests.ui.DashboardTest" name="testAddDynamicItemToCart" time="0.281"/>
  <testcase classname="abcd.tests.ui.DashboardTest" name="testDashboardDataDrivenLogic" time="0.474"/>
  <testcase classname="abcd.tests.ui.DashboardTest" name="testUserProfileInformation" time="0.001"/>
  <testcase classname="abcd.tests.ui.DashboardTest" name="testsimulatedFailureForScreenshot" time="0.001"/>
  <testcase classname="abcd.tests.ui.DashboardTest" name="testDashboardDataDrivenLogic" time="0.397"/>
</testsuite> <!-- Data Driven - Dashboard UI Tests -->
