<?xml version="1.0" encoding="UTF-8"?>
<!-- Generated by org.testng.reporters.JUnitXMLReporter -->
<testsuite ignored="0" hostname="DESKTOP-N203GP3" failures="1" tests="4" name="Data Driven - Dashboard UI Tests" time="23.965" errors="0" timestamp="2026-04-13T12:29:04 IST">
  <testcase classname="abcd.tests.ui.DashboardTest" name="testDashboardDataDrivenLogic" time="1.022"/>
  <testcase classname="abcd.tests.ui.DashboardTest" name="testDashboardDataDrivenLogic" time="0.35"/>
  <testcase classname="abcd.tests.ui.DashboardTest" name="testDashboardDataDrivenLogic" time="0.472"/>
  <testcase classname="abcd.tests.ui.DashboardTest" name="testMenuNavigationWorks" time="0.001">
    <failure type="java.lang.Error" message="Unresolved compilation problem: 
	The method isMenuOpen() is undefined for the type DashboardPage
">
      <![CDATA[java.lang.Error: Unresolved compilation problem: 
The method isMenuOpen() is undefined for the type DashboardPage

at abcd.tests.ui.DashboardTest.testMenuNavigationWorks(DashboardTest.java:75)
at java.base/java.util.concurrent.Executors$RunnableAdapter.call(Executors.java:539)
at java.base/java.util.concurrent.FutureTask.run(FutureTask.java:264)
at java.base/java.util.concurrent.ThreadPoolExecutor.runWorker(ThreadPoolExecutor.java:1136)
at java.base/java.util.concurrent.ThreadPoolExecutor$Worker.run(ThreadPoolExecutor.java:635)
at java.base/java.lang.Thread.run(Thread.java:842)
... Removed 13 stack frames]]>
    </failure>
  </testcase> <!-- testMenuNavigationWorks -->
</testsuite> <!-- Data Driven - Dashboard UI Tests -->
