<?xml version="1.0" encoding="UTF-8"?>
<testng-results ignored="0" total="1" passed="1" failed="0" skipped="0">
  <reporter-output>
  </reporter-output>
  <suite started-at="2025-12-29T16:26:46 IST" name="Default suite" finished-at="2025-12-29T16:26:50 IST" duration-ms="3719">
    <groups>
    </groups>
    <test started-at="2025-12-29T16:26:46 IST" name="Default test" finished-at="2025-12-29T16:26:50 IST" duration-ms="3719">
      <class name="abcd.SauceDemoLoginTest">
        <test-method is-config="true" signature="setUp()[pri:0, instance:abcd.SauceDemoLoginTest@229f66ed]" started-at="2025-12-29T16:26:46 IST" name="setUp" finished-at="2025-12-29T16:26:49 IST" duration-ms="2640" status="PASS">
          <reporter-output>
          </reporter-output>
        </test-method> <!-- setUp -->
        <test-method signature="testLogin()[pri:0, instance:abcd.SauceDemoLoginTest@229f66ed]" started-at="2025-12-29T16:26:49 IST" name="testLogin" finished-at="2025-12-29T16:26:50 IST" duration-ms="975" status="PASS">
          <reporter-output>
          </reporter-output>
        </test-method> <!-- testLogin -->
        <test-method is-config="true" signature="tearDown()[pri:0, instance:abcd.SauceDemoLoginTest@229f66ed]" started-at="2025-12-29T16:26:50 IST" name="tearDown" finished-at="2025-12-29T16:26:50 IST" duration-ms="5" status="PASS">
          <reporter-output>
          </reporter-output>
        </test-method> <!-- tearDown -->
      </class> <!-- abcd.SauceDemoLoginTest -->
    </test> <!-- Default test -->
  </suite> <!-- Default suite -->
</testng-results>
