<?xml version="1.0" encoding="UTF-8"?>
<!-- Generated by org.testng.reporters.JUnitReportReporter -->
<testsuite hostname="DESKTOP-N203GP3" failures="0" tests="3" name="abcd.tests.api.ApiTest" time="3.648" errors="0" timestamp="2026-03-16T12:24:35 IST" skipped="0">
  <testcase classname="abcd.tests.api.ApiTest" name="testGetUserApi" time="0.288"/>
  <testcase classname="abcd.tests.api.ApiTest" name="testGetUserApi" time="3.101"/>
  <testcase classname="abcd.tests.api.ApiTest" name="testGetUserApi" time="0.259"/>
</testsuite> <!-- abcd.tests.api.ApiTest -->
