<?xml version="1.0" encoding="UTF-8"?>
<!-- Generated by org.testng.reporters.JUnitReportReporter -->
<testsuite hostname="DESKTOP-N203GP3" failures="0" tests="8" name="abcd.tests.ui.DashboardTest" time="119.439" errors="0" timestamp="2026-03-16T12:24:35 IST" skipped="0">
  <testcase classname="abcd.tests.ui.DashboardTest" name="testDashboardDataDrivenLogic" time="11.771"/>
  <testcase classname="abcd.tests.ui.DashboardTest" name="testDashboardDataDrivenLogic" time="22.511"/>
  <testcase classname="abcd.tests.ui.DashboardTest" name="testDashboardDataDrivenLogic" time="20.859"/>
  <testcase classname="abcd.tests.ui.DashboardTest" name="testAllWidgetsAreVisible" time="20.847"/>
  <testcase classname="abcd.tests.ui.DashboardTest" name="testMenuNavigationWorks" time="9.301"/>
  <testcase classname="abcd.tests.ui.DashboardTest" name="testAddDynamicItemToCart" time="12.030"/>
  <testcase classname="abcd.tests.ui.DashboardTest" name="testUserProfileInformation" time="11.033"/>
  <testcase classname="abcd.tests.ui.DashboardTest" name="testsimulatedFailureForScreenshot" time="11.087"/>
</testsuite> <!-- abcd.tests.ui.DashboardTest -->
