<?xml version="1.0" encoding="UTF-8"?>
<!-- Generated by org.testng.reporters.JUnitReportReporter -->
<testsuite hostname="DESKTOP-N203GP3" failures="0" tests="3" name="abcd.tests.api.ApiTest" time="3.728" errors="0" timestamp="2026-04-13T12:29:09 IST" skipped="0">
  <testcase classname="abcd.tests.api.ApiTest" name="testGetUserApi" time="0.412"/>
  <testcase classname="abcd.tests.api.ApiTest" name="testGetUserApi" time="2.919"/>
  <testcase classname="abcd.tests.api.ApiTest" name="testGetUserApi" time="0.397"/>
</testsuite> <!-- abcd.tests.api.ApiTest -->
