<?xml version="1.0" encoding="UTF-8"?>
<!-- Generated by org.testng.reporters.JUnitReportReporter -->
<testsuite hostname="DESKTOP-N203GP3" failures="0" tests="4" name="abcd.tests.ui.DashboardTest" time="23.407" errors="1" timestamp="2026-04-13T12:29:09 IST" skipped="0">
  <testcase classname="abcd.tests.ui.DashboardTest" name="testDashboardDataDrivenLogic" time="5.322"/>
  <testcase classname="abcd.tests.ui.DashboardTest" name="testDashboardDataDrivenLogic" time="4.654"/>
  <testcase classname="abcd.tests.ui.DashboardTest" name="testDashboardDataDrivenLogic" time="4.219"/>
  <testcase classname="abcd.tests.ui.DashboardTest" name="testMenuNavigationWorks" time="9.212">
    <error message="Unresolved compilation problem: 
	The method isMenuOpen() is undefined for the type DashboardPage
" type="java.lang.Error">
      <![CDATA[java.lang.Error: Unresolved compilation problem: 
The method isMenuOpen() is undefined for the type DashboardPage

at abcd.tests.ui.DashboardTest.testMenuNavigationWorks(DashboardTest.java:75)
at java.base/jdk.internal.reflect.NativeMethodAccessorImpl.invoke0(Native Method)
at java.base/jdk.internal.reflect.NativeMethodAccessorImpl.invoke(NativeMethodAccessorImpl.java:77)
at java.base/jdk.internal.reflect.DelegatingMethodAccessorImpl.invoke(DelegatingMethodAccessorImpl.java:43)
at java.base/java.lang.reflect.Method.invoke(Method.java:568)
at org.testng.internal.invokers.MethodInvocationHelper.invokeMethod(MethodInvocationHelper.java:141)
at org.testng.internal.invokers.TestInvoker.invokeMethod(TestInvoker.java:687)
at org.testng.internal.invokers.TestInvoker.invokeTestMethod(TestInvoker.java:230)
at org.testng.internal.invokers.MethodRunner.runInSequence(MethodRunner.java:63)
at org.testng.internal.invokers.TestInvoker$MethodInvocationAgent.invoke(TestInvoker.java:995)
at org.testng.internal.invokers.TestInvoker.invokeTestMethods(TestInvoker.java:203)
at org.testng.internal.invokers.TestMethodWorker.invokeTestMethods(TestMethodWorker.java:154)
at org.testng.internal.invokers.TestMethodWorker.run(TestMethodWorker.java:134)
at java.base/java.util.concurrent.Executors$RunnableAdapter.call(Executors.java:539)
at java.base/java.util.concurrent.FutureTask.run(FutureTask.java:264)
at org.testng.internal.thread.graph.TestNGFutureTask.run(TestNGFutureTask.java:22)
at java.base/java.util.concurrent.ThreadPoolExecutor.runWorker(ThreadPoolExecutor.java:1136)
at java.base/java.util.concurrent.ThreadPoolExecutor$Worker.run(ThreadPoolExecutor.java:635)
at java.base/java.lang.Thread.run(Thread.java:842)
]]>
    </error>
  </testcase> <!-- testMenuNavigationWorks -->
</testsuite> <!-- abcd.tests.ui.DashboardTest -->
